<?xml version="1.0" encoding="UTF-8"?>
<testng-results skipped="0" failed="0" ignored="0" total="1" passed="1">
  <reporter-output>
  </reporter-output>
  <suite name="Default suite" duration-ms="3896" started-at="2022-05-20T13:15:11 IST" finished-at="2022-05-20T13:15:15 IST">
    <groups>
    </groups>
    <test name="Default test" duration-ms="3896" started-at="2022-05-20T13:15:11 IST" finished-at="2022-05-20T13:15:15 IST">
      <class name="com.mohs10.getData.getdata">
        <test-method status="PASS" signature="testResponsecode()[pri:0, instance:com.mohs10.getData.getdata@6b9651f3]" name="testResponsecode" duration-ms="2883" started-at="2022-05-20T13:15:12 IST" finished-at="2022-05-20T13:15:15 IST">
          <reporter-output>
          </reporter-output>
        </test-method> <!-- testResponsecode -->
      </class> <!-- com.mohs10.getData.getdata -->
    </test> <!-- Default test -->
  </suite> <!-- Default suite -->
</testng-results>
